This file contains any messages produced by compilers while
running configure, to aid debugging if configure makes a mistake.

It was created by libimobiledevice configure 1.2.1, which was
generated by GNU Autoconf 2.69.  Invocation command line was

  $ ./configure LDFLAGS=-L/usr/local/opt/openssl@1.1/lib CPPFLAGS=-I/usr/local/opt/openssl@1.1/include

## --------- ##
## Platform. ##
## --------- ##

hostname = MacBook-Air-2.local
uname -m = x86_64
uname -r = 17.7.0
uname -s = Darwin
uname -v = Darwin Kernel Version 17.7.0: Thu Jun 21 22:53:14 PDT 2018; root:xnu-4570.71.2~1/RELEASE_X86_64

/usr/bin/uname -p = i386
/bin/uname -X     = unknown

/bin/arch              = unknown
/usr/bin/arch -k       = unknown
/usr/convex/getsysinfo = unknown
/usr/bin/hostinfo      = Mach kernel version:
	 Darwin Kernel Version 17.7.0: Thu Jun 21 22:53:14 PDT 2018; root:xnu-4570.71.2~1/RELEASE_X86_64
Kernel configured for up to 4 processors.
2 processors are physically available.
4 processors are logically available.
Processor type: x86_64h (Intel x86-64h Haswell)
Processors active: 0 1 2 3
Primary memory available: 4.00 gigabytes
Default processor set: 380 tasks, 1248 threads, 4 processors
Load average: 1.53, Mach factor: 2.51
/bin/machine           = unknown
/usr/bin/oslevel       = unknown
/bin/universe          = unknown

PATH: /usr/local/opt/openssl@1.1/bin
PATH: /usr/local/opt/openssl@1.1/bin
PATH: /usr/local/opt/openssl@1.1/bin
PATH: /usr/local/opt/openssl@1.1/bin
PATH: /usr/local/bin
PATH: /usr/bin
PATH: /bin
PATH: /usr/sbin
PATH: /sbin
PATH: /Library/Frameworks/Mono.framework/Versions/Current/Commands


## ----------- ##
## Core tests. ##
## ----------- ##

configure:2662: checking for a BSD-compatible install
configure:2730: result: /usr/bin/install -c
configure:2741: checking whether build environment is sane
configure:2796: result: yes
configure:2947: checking for a thread-safe mkdir -p
configure:2986: result: ./install-sh -c -d
configure:2993: checking for gawk
configure:3023: result: no
configure:2993: checking for mawk
configure:3023: result: no
configure:2993: checking for nawk
configure:3023: result: no
configure:2993: checking for awk
configure:3009: found /usr/bin/awk
configure:3020: result: awk
configure:3031: checking whether make sets $(MAKE)
configure:3053: result: yes
configure:3082: checking whether make supports nested variables
configure:3099: result: yes
configure:3236: checking whether make supports nested variables
configure:3253: result: yes
configure:3332: checking for gcc
configure:3348: found /usr/bin/gcc
configure:3359: result: gcc
configure:3588: checking for C compiler version
configure:3597: gcc --version >&5
Apple LLVM version 9.0.0 (clang-900.0.39.2)
Target: x86_64-apple-darwin17.7.0
Thread model: posix
InstalledDir: /Applications/Xcode.app/Contents/Developer/Toolchains/XcodeDefault.xctoolchain/usr/bin
Configured with: --prefix=/Applications/Xcode.app/Contents/Developer/usr --with-gxx-include-dir=/usr/include/c++/4.2.1
configure:3608: $? = 0
configure:3597: gcc -v >&5
Configured with: --prefix=/Applications/Xcode.app/Contents/Developer/usr --with-gxx-include-dir=/usr/include/c++/4.2.1
Apple LLVM version 9.0.0 (clang-900.0.39.2)
Target: x86_64-apple-darwin17.7.0
Thread model: posix
InstalledDir: /Applications/Xcode.app/Contents/Developer/Toolchains/XcodeDefault.xctoolchain/usr/bin
configure:3608: $? = 0
configure:3597: gcc -V >&5
clang: error: argument to '-V' is missing (expected 1 value)
clang: error: no input files
configure:3608: $? = 1
configure:3597: gcc -qversion >&5
clang: error: unknown argument: '-qversion'
clang: error: no input files
configure:3608: $? = 1
configure:3628: checking whether the C compiler works
configure:3650: gcc  -I/usr/local/opt/openssl@1.1/include -L/usr/local/opt/openssl@1.1/lib conftest.c  >&5
configure:3654: $? = 0
configure:3702: result: yes
configure:3705: checking for C compiler default output file name
configure:3707: result: a.out
configure:3713: checking for suffix of executables
configure:3720: gcc -o conftest  -I/usr/local/opt/openssl@1.1/include -L/usr/local/opt/openssl@1.1/lib conftest.c  >&5
configure:3724: $? = 0
configure:3746: result: 
configure:3768: checking whether we are cross compiling
configure:3776: gcc -o conftest  -I/usr/local/opt/openssl@1.1/include -L/usr/local/opt/openssl@1.1/lib conftest.c  >&5
configure:3780: $? = 0
configure:3787: ./conftest
configure:3791: $? = 0
configure:3806: result: no
configure:3811: checking for suffix of object files
configure:3833: gcc -c  -I/usr/local/opt/openssl@1.1/include conftest.c >&5
configure:3837: $? = 0
configure:3858: result: o
configure:3862: checking whether we are using the GNU C compiler
configure:3881: gcc -c  -I/usr/local/opt/openssl@1.1/include conftest.c >&5
configure:3881: $? = 0
configure:3890: result: yes
configure:3899: checking whether gcc accepts -g
configure:3919: gcc -c -g -I/usr/local/opt/openssl@1.1/include conftest.c >&5
configure:3919: $? = 0
configure:3960: result: yes
configure:3977: checking for gcc option to accept ISO C89
configure:4040: gcc  -c -g -O2 -I/usr/local/opt/openssl@1.1/include conftest.c >&5
configure:4040: $? = 0
configure:4053: result: none needed
configure:4078: checking whether gcc understands -c and -o together
configure:4100: gcc -c conftest.c -o conftest2.o
configure:4103: $? = 0
configure:4100: gcc -c conftest.c -o conftest2.o
configure:4103: $? = 0
configure:4115: result: yes
configure:4135: checking whether make supports the include directive
configure:4150: make -f confmf.GNU && cat confinc.out
this is the am__doit target
configure:4153: $? = 0
configure:4172: result: yes (GNU style)
configure:4197: checking dependency style of gcc
configure:4308: result: gcc3
configure:4381: checking for g++
configure:4397: found /usr/bin/g++
configure:4408: result: g++
configure:4435: checking for C++ compiler version
configure:4444: g++ --version >&5
Apple LLVM version 9.0.0 (clang-900.0.39.2)
Target: x86_64-apple-darwin17.7.0
Thread model: posix
InstalledDir: /Applications/Xcode.app/Contents/Developer/Toolchains/XcodeDefault.xctoolchain/usr/bin
Configured with: --prefix=/Applications/Xcode.app/Contents/Developer/usr --with-gxx-include-dir=/usr/include/c++/4.2.1
configure:4455: $? = 0
configure:4444: g++ -v >&5
Configured with: --prefix=/Applications/Xcode.app/Contents/Developer/usr --with-gxx-include-dir=/usr/include/c++/4.2.1
Apple LLVM version 9.0.0 (clang-900.0.39.2)
Target: x86_64-apple-darwin17.7.0
Thread model: posix
InstalledDir: /Applications/Xcode.app/Contents/Developer/Toolchains/XcodeDefault.xctoolchain/usr/bin
configure:4455: $? = 0
configure:4444: g++ -V >&5
clang: error: argument to '-V' is missing (expected 1 value)
clang: error: no input files
configure:4455: $? = 1
configure:4444: g++ -qversion >&5
clang: error: unknown argument: '-qversion'
clang: error: no input files
configure:4455: $? = 1
configure:4459: checking whether we are using the GNU C++ compiler
configure:4478: g++ -c  -I/usr/local/opt/openssl@1.1/include conftest.cpp >&5
configure:4478: $? = 0
configure:4487: result: yes
configure:4496: checking whether g++ accepts -g
configure:4516: g++ -c -g -I/usr/local/opt/openssl@1.1/include conftest.cpp >&5
configure:4516: $? = 0
configure:4557: result: yes
configure:4582: checking dependency style of g++
configure:4693: result: gcc3
configure:4738: checking build system type
configure:4752: result: x86_64-apple-darwin17.7.0
configure:4772: checking host system type
configure:4785: result: x86_64-apple-darwin17.7.0
configure:4826: checking how to print strings
configure:4853: result: printf
configure:4874: checking for a sed that does not truncate output
configure:4938: result: /usr/bin/sed
configure:4956: checking for grep that handles long lines and -e
configure:5014: result: /usr/bin/grep
configure:5019: checking for egrep
configure:5081: result: /usr/bin/grep -E
configure:5086: checking for fgrep
configure:5148: result: /usr/bin/grep -F
configure:5183: checking for ld used by gcc
configure:5250: result: /Applications/Xcode.app/Contents/Developer/Toolchains/XcodeDefault.xctoolchain/usr/bin/ld
configure:5257: checking if the linker (/Applications/Xcode.app/Contents/Developer/Toolchains/XcodeDefault.xctoolchain/usr/bin/ld) is GNU ld
configure:5272: result: no
configure:5284: checking for BSD- or MS-compatible name lister (nm)
configure:5338: result: /usr/bin/nm -B
configure:5468: checking the name lister (/usr/bin/nm -B) interface
configure:5475: gcc -c -g -O2 -I/usr/local/opt/openssl@1.1/include conftest.c >&5
configure:5478: /usr/bin/nm -B "conftest.o"
configure:5481: output
00000000000001fc S _some_variable
configure:5488: result: BSD nm
configure:5491: checking whether ln -s works
configure:5495: result: yes
configure:5503: checking the maximum length of command line arguments
configure:5634: result: 196608
configure:5682: checking how to convert x86_64-apple-darwin17.7.0 file names to x86_64-apple-darwin17.7.0 format
configure:5722: result: func_convert_file_noop
configure:5729: checking how to convert x86_64-apple-darwin17.7.0 file names to toolchain format
configure:5749: result: func_convert_file_noop
configure:5756: checking for /Applications/Xcode.app/Contents/Developer/Toolchains/XcodeDefault.xctoolchain/usr/bin/ld option to reload object files
configure:5763: result: -r
configure:5837: checking for objdump
configure:5853: found /usr/bin/objdump
configure:5864: result: objdump
configure:5896: checking how to recognize dependent libraries
configure:6096: result: pass_all
configure:6181: checking for dlltool
configure:6211: result: no
configure:6241: checking how to associate runtime and link libraries
configure:6268: result: printf %s\n
configure:6329: checking for ar
configure:6345: found /usr/bin/ar
configure:6356: result: ar
configure:6393: checking for archiver @FILE support
configure:6410: gcc -c -g -O2 -I/usr/local/opt/openssl@1.1/include conftest.c >&5
configure:6410: $? = 0
configure:6413: ar cru libconftest.a @conftest.lst >&5
ar: @conftest.lst: No such file or directory
configure:6416: $? = 1
configure:6436: result: no
configure:6494: checking for strip
configure:6510: found /usr/bin/strip
configure:6521: result: strip
configure:6593: checking for ranlib
configure:6609: found /usr/bin/ranlib
configure:6620: result: ranlib
configure:6722: checking command to parse /usr/bin/nm -B output from gcc object
configure:6875: gcc -c -g -O2 -I/usr/local/opt/openssl@1.1/include conftest.c >&5
configure:6878: $? = 0
configure:6882: /usr/bin/nm -B conftest.o \| sed -n -e 's/^.*[ ]\([BCDEGRST][BCDEGRST]*\)[ ][ ]*\([_A-Za-z][_A-Za-z0-9]*\)$/\1 \2 \2/p' | sed '/ __gnu_lto/d' \> conftest.nm
configure:6885: $? = 0
cannot find nm_test_var in conftest.nm
configure:6875: gcc -c -g -O2 -I/usr/local/opt/openssl@1.1/include conftest.c >&5
configure:6878: $? = 0
configure:6882: /usr/bin/nm -B conftest.o \| sed -n -e 's/^.*[ ]\([BCDEGRST][BCDEGRST]*\)[ ][ ]*_\([_A-Za-z][_A-Za-z0-9]*\)$/\1 _\2 \2/p' | sed '/ __gnu_lto/d' \> conftest.nm
configure:6885: $? = 0
configure:6951: gcc -o conftest -g -O2 -I/usr/local/opt/openssl@1.1/include -L/usr/local/opt/openssl@1.1/lib conftest.c conftstm.o >&5
warning: (x86_64)  could not find object file symbol for symbol _main
configure:6954: $? = 0
configure:6992: result: ok
configure:7039: checking for sysroot
configure:7069: result: no
configure:7076: checking for a working dd
configure:7114: result: /bin/dd
configure:7118: checking how to truncate binary pipes
configure:7133: result: /bin/dd bs=4096 count=1
configure:7462: checking for mt
configure:7492: result: no
configure:7512: checking if : is a manifest tool
configure:7518: : '-?'
configure:7526: result: no
configure:7582: checking for dsymutil
configure:7598: found /usr/bin/dsymutil
configure:7609: result: dsymutil
configure:7674: checking for nmedit
configure:7690: found /usr/bin/nmedit
configure:7701: result: nmedit
configure:7766: checking for lipo
configure:7782: found /usr/bin/lipo
configure:7793: result: lipo
configure:7858: checking for otool
configure:7874: found /usr/bin/otool
configure:7885: result: otool
configure:7950: checking for otool64
configure:7980: result: no
configure:8025: checking for -single_module linker flag
gcc -g -O2 -L/usr/local/opt/openssl@1.1/lib -o libconftest.dylib -dynamiclib -Wl,-single_module conftest.c
configure:8058: result: yes
configure:8061: checking for -exported_symbols_list linker flag
configure:8081: gcc -o conftest -g -O2 -I/usr/local/opt/openssl@1.1/include -L/usr/local/opt/openssl@1.1/lib -Wl,-exported_symbols_list,conftest.sym conftest.c  >&5
configure:8081: $? = 0
configure:8091: result: yes
configure:8094: checking for -force_load linker flag
gcc -g -O2 -c -o conftest.o conftest.c
ar cru libconftest.a conftest.o
ranlib libconftest.a
gcc -g -O2 -L/usr/local/opt/openssl@1.1/lib -o conftest conftest.c -Wl,-force_load,./libconftest.a
configure:8126: result: yes
configure:8203: checking how to run the C preprocessor
configure:8234: gcc -E -I/usr/local/opt/openssl@1.1/include conftest.c
configure:8234: $? = 0
configure:8248: gcc -E -I/usr/local/opt/openssl@1.1/include conftest.c
conftest.c:11:10: fatal error: 'ac_nonexistent.h' file not found
#include <ac_nonexistent.h>
         ^~~~~~~~~~~~~~~~~~
1 error generated.
configure:8248: $? = 1
configure: failed program was:
| /* confdefs.h */
| #define PACKAGE_NAME "libimobiledevice"
| #define PACKAGE_TARNAME "libimobiledevice"
| #define PACKAGE_VERSION "1.2.1"
| #define PACKAGE_STRING "libimobiledevice 1.2.1"
| #define PACKAGE_BUGREPORT "https://github.com/libimobiledevice/libimobiledevice/issues"
| #define PACKAGE_URL "http://libimobiledevice.org"
| #define PACKAGE "libimobiledevice"
| #define VERSION "1.2.1"
| /* end confdefs.h.  */
| #include <ac_nonexistent.h>
configure:8273: result: gcc -E
configure:8293: gcc -E -I/usr/local/opt/openssl@1.1/include conftest.c
configure:8293: $? = 0
configure:8307: gcc -E -I/usr/local/opt/openssl@1.1/include conftest.c
conftest.c:11:10: fatal error: 'ac_nonexistent.h' file not found
#include <ac_nonexistent.h>
         ^~~~~~~~~~~~~~~~~~
1 error generated.
configure:8307: $? = 1
configure: failed program was:
| /* confdefs.h */
| #define PACKAGE_NAME "libimobiledevice"
| #define PACKAGE_TARNAME "libimobiledevice"
| #define PACKAGE_VERSION "1.2.1"
| #define PACKAGE_STRING "libimobiledevice 1.2.1"
| #define PACKAGE_BUGREPORT "https://github.com/libimobiledevice/libimobiledevice/issues"
| #define PACKAGE_URL "http://libimobiledevice.org"
| #define PACKAGE "libimobiledevice"
| #define VERSION "1.2.1"
| /* end confdefs.h.  */
| #include <ac_nonexistent.h>
configure:8336: checking for ANSI C header files
configure:8356: gcc -c -g -O2 -I/usr/local/opt/openssl@1.1/include conftest.c >&5
configure:8356: $? = 0
configure:8429: gcc -o conftest -g -O2 -I/usr/local/opt/openssl@1.1/include -L/usr/local/opt/openssl@1.1/lib conftest.c  >&5
configure:8429: $? = 0
configure:8429: ./conftest
configure:8429: $? = 0
configure:8440: result: yes
configure:8453: checking for sys/types.h
configure:8453: gcc -c -g -O2 -I/usr/local/opt/openssl@1.1/include conftest.c >&5
configure:8453: $? = 0
configure:8453: result: yes
configure:8453: checking for sys/stat.h
configure:8453: gcc -c -g -O2 -I/usr/local/opt/openssl@1.1/include conftest.c >&5
configure:8453: $? = 0
configure:8453: result: yes
configure:8453: checking for stdlib.h
configure:8453: gcc -c -g -O2 -I/usr/local/opt/openssl@1.1/include conftest.c >&5
configure:8453: $? = 0
configure:8453: result: yes
configure:8453: checking for string.h
configure:8453: gcc -c -g -O2 -I/usr/local/opt/openssl@1.1/include conftest.c >&5
configure:8453: $? = 0
configure:8453: result: yes
configure:8453: checking for memory.h
configure:8453: gcc -c -g -O2 -I/usr/local/opt/openssl@1.1/include conftest.c >&5
configure:8453: $? = 0
configure:8453: result: yes
configure:8453: checking for strings.h
configure:8453: gcc -c -g -O2 -I/usr/local/opt/openssl@1.1/include conftest.c >&5
configure:8453: $? = 0
configure:8453: result: yes
configure:8453: checking for inttypes.h
configure:8453: gcc -c -g -O2 -I/usr/local/opt/openssl@1.1/include conftest.c >&5
configure:8453: $? = 0
configure:8453: result: yes
configure:8453: checking for stdint.h
configure:8453: gcc -c -g -O2 -I/usr/local/opt/openssl@1.1/include conftest.c >&5
configure:8453: $? = 0
configure:8453: result: yes
configure:8453: checking for unistd.h
configure:8453: gcc -c -g -O2 -I/usr/local/opt/openssl@1.1/include conftest.c >&5
configure:8453: $? = 0
configure:8453: result: yes
configure:8467: checking for dlfcn.h
configure:8467: gcc -c -g -O2 -I/usr/local/opt/openssl@1.1/include conftest.c >&5
configure:8467: $? = 0
configure:8467: result: yes
configure:8734: checking for objdir
configure:8749: result: .libs
configure:9013: checking if gcc supports -fno-rtti -fno-exceptions
configure:9031: gcc -c -g -O2 -I/usr/local/opt/openssl@1.1/include -fno-rtti -fno-exceptions conftest.c >&5
configure:9035: $? = 0
configure:9048: result: yes
configure:9406: checking for gcc option to produce PIC
configure:9413: result: -fno-common -DPIC
configure:9421: checking if gcc PIC flag -fno-common -DPIC works
configure:9439: gcc -c -g -O2 -I/usr/local/opt/openssl@1.1/include -fno-common -DPIC -DPIC conftest.c >&5
configure:9443: $? = 0
configure:9456: result: yes
configure:9485: checking if gcc static flag -static works
configure:9513: result: no
configure:9528: checking if gcc supports -c -o file.o
configure:9549: gcc -c -g -O2 -I/usr/local/opt/openssl@1.1/include -o out/conftest2.o conftest.c >&5
configure:9553: $? = 0
configure:9575: result: yes
configure:9583: checking if gcc supports -c -o file.o
configure:9630: result: yes
configure:9663: checking whether the gcc linker (/Applications/Xcode.app/Contents/Developer/Toolchains/XcodeDefault.xctoolchain/usr/bin/ld) supports shared libraries
configure:10922: result: yes
configure:11162: checking dynamic linker characteristics
configure:11980: result: darwin17.7.0 dyld
configure:12102: checking how to hardcode library paths into programs
configure:12127: result: immediate
configure:12675: checking whether stripping libraries is possible
configure:12689: result: yes
configure:12715: checking if libtool supports shared libraries
configure:12717: result: yes
configure:12720: checking whether to build shared libraries
configure:12745: result: yes
configure:12748: checking whether to build static libraries
configure:12752: result: yes
configure:12775: checking how to run the C++ preprocessor
configure:12802: g++ -E -I/usr/local/opt/openssl@1.1/include conftest.cpp
configure:12802: $? = 0
configure:12816: g++ -E -I/usr/local/opt/openssl@1.1/include conftest.cpp
conftest.cpp:23:10: fatal error: 'ac_nonexistent.h' file not found
#include <ac_nonexistent.h>
         ^~~~~~~~~~~~~~~~~~
1 error generated.
configure:12816: $? = 1
configure: failed program was:
| /* confdefs.h */
| #define PACKAGE_NAME "libimobiledevice"
| #define PACKAGE_TARNAME "libimobiledevice"
| #define PACKAGE_VERSION "1.2.1"
| #define PACKAGE_STRING "libimobiledevice 1.2.1"
| #define PACKAGE_BUGREPORT "https://github.com/libimobiledevice/libimobiledevice/issues"
| #define PACKAGE_URL "http://libimobiledevice.org"
| #define PACKAGE "libimobiledevice"
| #define VERSION "1.2.1"
| #define STDC_HEADERS 1
| #define HAVE_SYS_TYPES_H 1
| #define HAVE_SYS_STAT_H 1
| #define HAVE_STDLIB_H 1
| #define HAVE_STRING_H 1
| #define HAVE_MEMORY_H 1
| #define HAVE_STRINGS_H 1
| #define HAVE_INTTYPES_H 1
| #define HAVE_STDINT_H 1
| #define HAVE_UNISTD_H 1
| #define HAVE_DLFCN_H 1
| #define LT_OBJDIR ".libs/"
| /* end confdefs.h.  */
| #include <ac_nonexistent.h>
configure:12841: result: g++ -E
configure:12861: g++ -E -I/usr/local/opt/openssl@1.1/include conftest.cpp
configure:12861: $? = 0
configure:12875: g++ -E -I/usr/local/opt/openssl@1.1/include conftest.cpp
conftest.cpp:23:10: fatal error: 'ac_nonexistent.h' file not found
#include <ac_nonexistent.h>
         ^~~~~~~~~~~~~~~~~~
1 error generated.
configure:12875: $? = 1
configure: failed program was:
| /* confdefs.h */
| #define PACKAGE_NAME "libimobiledevice"
| #define PACKAGE_TARNAME "libimobiledevice"
| #define PACKAGE_VERSION "1.2.1"
| #define PACKAGE_STRING "libimobiledevice 1.2.1"
| #define PACKAGE_BUGREPORT "https://github.com/libimobiledevice/libimobiledevice/issues"
| #define PACKAGE_URL "http://libimobiledevice.org"
| #define PACKAGE "libimobiledevice"
| #define VERSION "1.2.1"
| #define STDC_HEADERS 1
| #define HAVE_SYS_TYPES_H 1
| #define HAVE_SYS_STAT_H 1
| #define HAVE_STDLIB_H 1
| #define HAVE_STRING_H 1
| #define HAVE_MEMORY_H 1
| #define HAVE_STRINGS_H 1
| #define HAVE_INTTYPES_H 1
| #define HAVE_STDINT_H 1
| #define HAVE_UNISTD_H 1
| #define HAVE_DLFCN_H 1
| #define LT_OBJDIR ".libs/"
| /* end confdefs.h.  */
| #include <ac_nonexistent.h>
configure:13037: checking for ld used by g++
configure:13104: result: /Applications/Xcode.app/Contents/Developer/Toolchains/XcodeDefault.xctoolchain/usr/bin/ld
configure:13111: checking if the linker (/Applications/Xcode.app/Contents/Developer/Toolchains/XcodeDefault.xctoolchain/usr/bin/ld) is GNU ld
configure:13126: result: no
configure:13181: checking whether the g++ linker (/Applications/Xcode.app/Contents/Developer/Toolchains/XcodeDefault.xctoolchain/usr/bin/ld) supports shared libraries
configure:14254: result: yes
configure:14290: g++ -c -g -O2 -I/usr/local/opt/openssl@1.1/include conftest.cpp >&5
configure:14293: $? = 0
configure:14774: checking for g++ option to produce PIC
configure:14781: result: -fno-common -DPIC
configure:14789: checking if g++ PIC flag -fno-common -DPIC works
configure:14807: g++ -c -g -O2 -I/usr/local/opt/openssl@1.1/include -fno-common -DPIC -DPIC conftest.cpp >&5
configure:14811: $? = 0
configure:14824: result: yes
configure:14847: checking if g++ static flag -static works
configure:14875: result: no
configure:14887: checking if g++ supports -c -o file.o
configure:14908: g++ -c -g -O2 -I/usr/local/opt/openssl@1.1/include -o out/conftest2.o conftest.cpp >&5
configure:14912: $? = 0
configure:14934: result: yes
configure:14939: checking if g++ supports -c -o file.o
configure:14986: result: yes
configure:15016: checking whether the g++ linker (/Applications/Xcode.app/Contents/Developer/Toolchains/XcodeDefault.xctoolchain/usr/bin/ld) supports shared libraries
configure:15056: result: yes
configure:15197: checking dynamic linker characteristics
configure:15942: result: darwin17.7.0 dyld
configure:16007: checking how to hardcode library paths into programs
configure:16032: result: immediate
configure:16149: checking for pkg-config
configure:16167: found /usr/local/bin/pkg-config
configure:16179: result: /usr/local/bin/pkg-config
configure:16204: checking pkg-config is at least version 0.9.0
configure:16207: result: yes
configure:16217: checking for libusbmuxd >= 1.1.0
configure:16224: $PKG_CONFIG --exists --print-errors "libusbmuxd >= $LIBUSBMUXD_VERSION"
configure:16227: $? = 0
configure:16241: $PKG_CONFIG --exists --print-errors "libusbmuxd >= $LIBUSBMUXD_VERSION"
configure:16244: $? = 0
configure:16302: result: yes
configure:16308: checking for libplist >= 1.11
configure:16315: $PKG_CONFIG --exists --print-errors "libplist >= $LIBPLIST_VERSION"
configure:16318: $? = 0
configure:16332: $PKG_CONFIG --exists --print-errors "libplist >= $LIBPLIST_VERSION"
configure:16335: $? = 0
configure:16393: result: yes
configure:16399: checking for ANSI C header files
configure:16503: result: yes
configure:16514: checking for stdint.h
configure:16514: result: yes
configure:16514: checking for stdlib.h
configure:16514: result: yes
configure:16514: checking for string.h
configure:16514: result: yes
configure:16514: checking gcrypt.h usability
configure:16514: gcc -c -g -O2 -I/usr/local/opt/openssl@1.1/include conftest.c >&5
configure:16514: $? = 0
configure:16514: result: yes
configure:16514: checking gcrypt.h presence
configure:16514: gcc -E -I/usr/local/opt/openssl@1.1/include conftest.c
configure:16514: $? = 0
configure:16514: result: yes
configure:16514: checking for gcrypt.h
configure:16514: result: yes
configure:16526: checking for an ANSI C-conforming const
configure:16592: gcc -c -g -O2 -I/usr/local/opt/openssl@1.1/include conftest.c >&5
configure:16592: $? = 0
configure:16599: result: yes
configure:16607: checking for size_t
configure:16607: gcc -c -g -O2 -I/usr/local/opt/openssl@1.1/include conftest.c >&5
configure:16607: $? = 0
configure:16607: gcc -c -g -O2 -I/usr/local/opt/openssl@1.1/include conftest.c >&5
conftest.c:64:21: error: expected expression
if (sizeof ((size_t)))
                    ^
1 error generated.
configure:16607: $? = 1
configure: failed program was:
| /* confdefs.h */
| #define PACKAGE_NAME "libimobiledevice"
| #define PACKAGE_TARNAME "libimobiledevice"
| #define PACKAGE_VERSION "1.2.1"
| #define PACKAGE_STRING "libimobiledevice 1.2.1"
| #define PACKAGE_BUGREPORT "https://github.com/libimobiledevice/libimobiledevice/issues"
| #define PACKAGE_URL "http://libimobiledevice.org"
| #define PACKAGE "libimobiledevice"
| #define VERSION "1.2.1"
| #define STDC_HEADERS 1
| #define HAVE_SYS_TYPES_H 1
| #define HAVE_SYS_STAT_H 1
| #define HAVE_STDLIB_H 1
| #define HAVE_STRING_H 1
| #define HAVE_MEMORY_H 1
| #define HAVE_STRINGS_H 1
| #define HAVE_INTTYPES_H 1
| #define HAVE_STDINT_H 1
| #define HAVE_UNISTD_H 1
| #define HAVE_DLFCN_H 1
| #define LT_OBJDIR ".libs/"
| #define STDC_HEADERS 1
| #define HAVE_STDINT_H 1
| #define HAVE_STDLIB_H 1
| #define HAVE_STRING_H 1
| #define HAVE_GCRYPT_H 1
| /* end confdefs.h.  */
| #include <stdio.h>
| #ifdef HAVE_SYS_TYPES_H
| # include <sys/types.h>
| #endif
| #ifdef HAVE_SYS_STAT_H
| # include <sys/stat.h>
| #endif
| #ifdef STDC_HEADERS
| # include <stdlib.h>
| # include <stddef.h>
| #else
| # ifdef HAVE_STDLIB_H
| #  include <stdlib.h>
| # endif
| #endif
| #ifdef HAVE_STRING_H
| # if !defined STDC_HEADERS && defined HAVE_MEMORY_H
| #  include <memory.h>
| # endif
| # include <string.h>
| #endif
| #ifdef HAVE_STRINGS_H
| # include <strings.h>
| #endif
| #ifdef HAVE_INTTYPES_H
| # include <inttypes.h>
| #endif
| #ifdef HAVE_STDINT_H
| # include <stdint.h>
| #endif
| #ifdef HAVE_UNISTD_H
| # include <unistd.h>
| #endif
| int
| main ()
| {
| if (sizeof ((size_t)))
| 	    return 0;
|   ;
|   return 0;
| }
configure:16607: result: yes
configure:16618: checking for ssize_t
configure:16618: gcc -c -g -O2 -I/usr/local/opt/openssl@1.1/include conftest.c >&5
configure:16618: $? = 0
configure:16618: gcc -c -g -O2 -I/usr/local/opt/openssl@1.1/include conftest.c >&5
conftest.c:64:22: error: expected expression
if (sizeof ((ssize_t)))
                     ^
1 error generated.
configure:16618: $? = 1
configure: failed program was:
| /* confdefs.h */
| #define PACKAGE_NAME "libimobiledevice"
| #define PACKAGE_TARNAME "libimobiledevice"
| #define PACKAGE_VERSION "1.2.1"
| #define PACKAGE_STRING "libimobiledevice 1.2.1"
| #define PACKAGE_BUGREPORT "https://github.com/libimobiledevice/libimobiledevice/issues"
| #define PACKAGE_URL "http://libimobiledevice.org"
| #define PACKAGE "libimobiledevice"
| #define VERSION "1.2.1"
| #define STDC_HEADERS 1
| #define HAVE_SYS_TYPES_H 1
| #define HAVE_SYS_STAT_H 1
| #define HAVE_STDLIB_H 1
| #define HAVE_STRING_H 1
| #define HAVE_MEMORY_H 1
| #define HAVE_STRINGS_H 1
| #define HAVE_INTTYPES_H 1
| #define HAVE_STDINT_H 1
| #define HAVE_UNISTD_H 1
| #define HAVE_DLFCN_H 1
| #define LT_OBJDIR ".libs/"
| #define STDC_HEADERS 1
| #define HAVE_STDINT_H 1
| #define HAVE_STDLIB_H 1
| #define HAVE_STRING_H 1
| #define HAVE_GCRYPT_H 1
| /* end confdefs.h.  */
| #include <stdio.h>
| #ifdef HAVE_SYS_TYPES_H
| # include <sys/types.h>
| #endif
| #ifdef HAVE_SYS_STAT_H
| # include <sys/stat.h>
| #endif
| #ifdef STDC_HEADERS
| # include <stdlib.h>
| # include <stddef.h>
| #else
| # ifdef HAVE_STDLIB_H
| #  include <stdlib.h>
| # endif
| #endif
| #ifdef HAVE_STRING_H
| # if !defined STDC_HEADERS && defined HAVE_MEMORY_H
| #  include <memory.h>
| # endif
| # include <string.h>
| #endif
| #ifdef HAVE_STRINGS_H
| # include <strings.h>
| #endif
| #ifdef HAVE_INTTYPES_H
| # include <inttypes.h>
| #endif
| #ifdef HAVE_STDINT_H
| # include <stdint.h>
| #endif
| #ifdef HAVE_UNISTD_H
| # include <unistd.h>
| #endif
| int
| main ()
| {
| if (sizeof ((ssize_t)))
| 	    return 0;
|   ;
|   return 0;
| }
configure:16618: result: yes
configure:16629: checking for uint16_t
configure:16629: gcc -c -g -O2 -I/usr/local/opt/openssl@1.1/include conftest.c >&5
configure:16629: $? = 0
configure:16629: result: yes
configure:16641: checking for uint32_t
configure:16641: gcc -c -g -O2 -I/usr/local/opt/openssl@1.1/include conftest.c >&5
configure:16641: $? = 0
configure:16641: result: yes
configure:16655: checking for uint8_t
configure:16655: gcc -c -g -O2 -I/usr/local/opt/openssl@1.1/include conftest.c >&5
configure:16655: $? = 0
configure:16655: result: yes
configure:16674: checking for asprintf
configure:16674: gcc -o conftest -g -O2 -I/usr/local/opt/openssl@1.1/include -L/usr/local/opt/openssl@1.1/lib conftest.c  >&5
conftest.c:62:18: warning: format string missing [-Wformat]
return asprintf ();
       ~~~~~~~~  ^
1 warning generated.
configure:16674: $? = 0
configure:16674: result: yes
configure:16674: checking for strcasecmp
configure:16674: gcc -o conftest -g -O2 -I/usr/local/opt/openssl@1.1/include -L/usr/local/opt/openssl@1.1/lib conftest.c  >&5
conftest.c:52:6: warning: incompatible redeclaration of library function 'strcasecmp' [-Wincompatible-library-redeclaration]
char strcasecmp ();
     ^
conftest.c:52:6: note: 'strcasecmp' is a builtin with type 'int (const char *, const char *)'
1 warning generated.
configure:16674: $? = 0
configure:16674: result: yes
configure:16674: checking for strdup
configure:16674: gcc -o conftest -g -O2 -I/usr/local/opt/openssl@1.1/include -L/usr/local/opt/openssl@1.1/lib conftest.c  >&5
conftest.c:53:6: warning: incompatible redeclaration of library function 'strdup' [-Wincompatible-library-redeclaration]
char strdup ();
     ^
conftest.c:53:6: note: 'strdup' is a builtin with type 'char *(const char *)'
1 warning generated.
configure:16674: $? = 0
configure:16674: result: yes
configure:16674: checking for strerror
configure:16674: gcc -o conftest -g -O2 -I/usr/local/opt/openssl@1.1/include -L/usr/local/opt/openssl@1.1/lib conftest.c  >&5
conftest.c:54:6: warning: incompatible redeclaration of library function 'strerror' [-Wincompatible-library-redeclaration]
char strerror ();
     ^
conftest.c:54:6: note: 'strerror' is a builtin with type 'char *(int)'
1 warning generated.
configure:16674: $? = 0
configure:16674: result: yes
configure:16674: checking for strndup
configure:16674: gcc -o conftest -g -O2 -I/usr/local/opt/openssl@1.1/include -L/usr/local/opt/openssl@1.1/lib conftest.c  >&5
conftest.c:55:6: warning: incompatible redeclaration of library function 'strndup' [-Wincompatible-library-redeclaration]
char strndup ();
     ^
conftest.c:55:6: note: 'strndup' is a builtin with type 'char *(const char *, unsigned long)'
1 warning generated.
configure:16674: $? = 0
configure:16674: result: yes
configure:16674: checking for stpcpy
configure:16674: gcc -o conftest -g -O2 -I/usr/local/opt/openssl@1.1/include -L/usr/local/opt/openssl@1.1/lib conftest.c  >&5
conftest.c:56:6: warning: incompatible redeclaration of library function 'stpcpy' [-Wincompatible-library-redeclaration]
char stpcpy ();
     ^
conftest.c:56:6: note: 'stpcpy' is a builtin with type 'char *(char *, const char *)'
1 warning generated.
configure:16674: $? = 0
configure:16674: result: yes
configure:16674: checking for vasprintf
configure:16674: gcc -o conftest -g -O2 -I/usr/local/opt/openssl@1.1/include -L/usr/local/opt/openssl@1.1/lib conftest.c  >&5
conftest.c:68:19: warning: format string missing [-Wformat]
return vasprintf ();
       ~~~~~~~~~  ^
1 warning generated.
configure:16674: $? = 0
configure:16674: result: yes
configure:16684: checking endian.h usability
configure:16684: gcc -c -g -O2 -I/usr/local/opt/openssl@1.1/include conftest.c >&5
conftest.c:68:10: fatal error: 'endian.h' file not found
#include <endian.h>
         ^~~~~~~~~~
1 error generated.
configure:16684: $? = 1
configure: failed program was:
| /* confdefs.h */
| #define PACKAGE_NAME "libimobiledevice"
| #define PACKAGE_TARNAME "libimobiledevice"
| #define PACKAGE_VERSION "1.2.1"
| #define PACKAGE_STRING "libimobiledevice 1.2.1"
| #define PACKAGE_BUGREPORT "https://github.com/libimobiledevice/libimobiledevice/issues"
| #define PACKAGE_URL "http://libimobiledevice.org"
| #define PACKAGE "libimobiledevice"
| #define VERSION "1.2.1"
| #define STDC_HEADERS 1
| #define HAVE_SYS_TYPES_H 1
| #define HAVE_SYS_STAT_H 1
| #define HAVE_STDLIB_H 1
| #define HAVE_STRING_H 1
| #define HAVE_MEMORY_H 1
| #define HAVE_STRINGS_H 1
| #define HAVE_INTTYPES_H 1
| #define HAVE_STDINT_H 1
| #define HAVE_UNISTD_H 1
| #define HAVE_DLFCN_H 1
| #define LT_OBJDIR ".libs/"
| #define STDC_HEADERS 1
| #define HAVE_STDINT_H 1
| #define HAVE_STDLIB_H 1
| #define HAVE_STRING_H 1
| #define HAVE_GCRYPT_H 1
| #define HAVE_ASPRINTF 1
| #define HAVE_STRCASECMP 1
| #define HAVE_STRDUP 1
| #define HAVE_STRERROR 1
| #define HAVE_STRNDUP 1
| #define HAVE_STPCPY 1
| #define HAVE_VASPRINTF 1
| /* end confdefs.h.  */
| #include <stdio.h>
| #ifdef HAVE_SYS_TYPES_H
| # include <sys/types.h>
| #endif
| #ifdef HAVE_SYS_STAT_H
| # include <sys/stat.h>
| #endif
| #ifdef STDC_HEADERS
| # include <stdlib.h>
| # include <stddef.h>
| #else
| # ifdef HAVE_STDLIB_H
| #  include <stdlib.h>
| # endif
| #endif
| #ifdef HAVE_STRING_H
| # if !defined STDC_HEADERS && defined HAVE_MEMORY_H
| #  include <memory.h>
| # endif
| # include <string.h>
| #endif
| #ifdef HAVE_STRINGS_H
| # include <strings.h>
| #endif
| #ifdef HAVE_INTTYPES_H
| # include <inttypes.h>
| #endif
| #ifdef HAVE_STDINT_H
| # include <stdint.h>
| #endif
| #ifdef HAVE_UNISTD_H
| # include <unistd.h>
| #endif
| #include <endian.h>
configure:16684: result: no
configure:16684: checking endian.h presence
configure:16684: gcc -E -I/usr/local/opt/openssl@1.1/include conftest.c
conftest.c:35:10: fatal error: 'endian.h' file not found
#include <endian.h>
         ^~~~~~~~~~
1 error generated.
configure:16684: $? = 1
configure: failed program was:
| /* confdefs.h */
| #define PACKAGE_NAME "libimobiledevice"
| #define PACKAGE_TARNAME "libimobiledevice"
| #define PACKAGE_VERSION "1.2.1"
| #define PACKAGE_STRING "libimobiledevice 1.2.1"
| #define PACKAGE_BUGREPORT "https://github.com/libimobiledevice/libimobiledevice/issues"
| #define PACKAGE_URL "http://libimobiledevice.org"
| #define PACKAGE "libimobiledevice"
| #define VERSION "1.2.1"
| #define STDC_HEADERS 1
| #define HAVE_SYS_TYPES_H 1
| #define HAVE_SYS_STAT_H 1
| #define HAVE_STDLIB_H 1
| #define HAVE_STRING_H 1
| #define HAVE_MEMORY_H 1
| #define HAVE_STRINGS_H 1
| #define HAVE_INTTYPES_H 1
| #define HAVE_STDINT_H 1
| #define HAVE_UNISTD_H 1
| #define HAVE_DLFCN_H 1
| #define LT_OBJDIR ".libs/"
| #define STDC_HEADERS 1
| #define HAVE_STDINT_H 1
| #define HAVE_STDLIB_H 1
| #define HAVE_STRING_H 1
| #define HAVE_GCRYPT_H 1
| #define HAVE_ASPRINTF 1
| #define HAVE_STRCASECMP 1
| #define HAVE_STRDUP 1
| #define HAVE_STRERROR 1
| #define HAVE_STRNDUP 1
| #define HAVE_STPCPY 1
| #define HAVE_VASPRINTF 1
| /* end confdefs.h.  */
| #include <endian.h>
configure:16684: result: no
configure:16684: checking for endian.h
configure:16684: result: no
configure:16699: checking whether byte ordering is bigendian
configure:16714: gcc -c -g -O2 -I/usr/local/opt/openssl@1.1/include conftest.c >&5
configure:16714: $? = 0
configure:16759: gcc -c -g -O2 -I/usr/local/opt/openssl@1.1/include conftest.c >&5
configure:16759: $? = 0
configure:16777: gcc -c -g -O2 -I/usr/local/opt/openssl@1.1/include conftest.c >&5
conftest.c:44:4: error: use of undeclared identifier 'not'
                 not big endian
                 ^
1 error generated.
configure:16777: $? = 1
configure: failed program was:
| /* confdefs.h */
| #define PACKAGE_NAME "libimobiledevice"
| #define PACKAGE_TARNAME "libimobiledevice"
| #define PACKAGE_VERSION "1.2.1"
| #define PACKAGE_STRING "libimobiledevice 1.2.1"
| #define PACKAGE_BUGREPORT "https://github.com/libimobiledevice/libimobiledevice/issues"
| #define PACKAGE_URL "http://libimobiledevice.org"
| #define PACKAGE "libimobiledevice"
| #define VERSION "1.2.1"
| #define STDC_HEADERS 1
| #define HAVE_SYS_TYPES_H 1
| #define HAVE_SYS_STAT_H 1
| #define HAVE_STDLIB_H 1
| #define HAVE_STRING_H 1
| #define HAVE_MEMORY_H 1
| #define HAVE_STRINGS_H 1
| #define HAVE_INTTYPES_H 1
| #define HAVE_STDINT_H 1
| #define HAVE_UNISTD_H 1
| #define HAVE_DLFCN_H 1
| #define LT_OBJDIR ".libs/"
| #define STDC_HEADERS 1
| #define HAVE_STDINT_H 1
| #define HAVE_STDLIB_H 1
| #define HAVE_STRING_H 1
| #define HAVE_GCRYPT_H 1
| #define HAVE_ASPRINTF 1
| #define HAVE_STRCASECMP 1
| #define HAVE_STRDUP 1
| #define HAVE_STRERROR 1
| #define HAVE_STRNDUP 1
| #define HAVE_STPCPY 1
| #define HAVE_VASPRINTF 1
| #define __LITTLE_ENDIAN 1234
| #define __BIG_ENDIAN 4321
| /* end confdefs.h.  */
| #include <sys/types.h>
| 		#include <sys/param.h>
| 
| int
| main ()
| {
| #if BYTE_ORDER != BIG_ENDIAN
| 		 not big endian
| 		#endif
| 
|   ;
|   return 0;
| }
configure:16905: result: no
configure:16934: checking for platform-specific build settings
configure:16946: result: darwin17.7.0
configure:17657: checking for usbmuxd_device_info_t.conn_type
configure:17657: gcc -c -g -O2 -I/usr/local/include -I/usr/local/opt/openssl@1.1/include conftest.c >&5
configure:17657: $? = 0
configure:17657: result: yes
configure:17681: gcc -c -g -O2 -I/usr/local/include -I/usr/local/opt/openssl@1.1/include conftest.c >&5
configure:17681: $? = 0
configure:17702: gcc -c -g -O2 -I/usr/local/include -I/usr/local/opt/openssl@1.1/include conftest.c >&5
configure:17702: $? = 0
configure:17711: checking for struct dirent.d_type
configure:17711: gcc -c -g -O2 -I/usr/local/opt/openssl@1.1/include conftest.c >&5
configure:17711: $? = 0
configure:17711: result: yes
configure:17765: checking for a Python interpreter with version >= 2.3
configure:17782: python -c import sys # split strings by '.' and convert to numeric. Append some zeros # because we need at least 4 digits for the hex conversion. # map returns an iterator in Python 3.0 and a list in 2.x minver = list(map(int, '2.3'.split('.'))) + [0, 0, 0] minverhex = 0 # xrange is not present in Python 3.0 and range returns an iterator for i in list(range(0, 4)): minverhex = (minverhex << 8) + minver[i] sys.exit(sys.hexversion < minverhex)
configure:17785: $? = 0
configure:17791: result: python
configure:17799: checking for python
configure:17817: found /usr/bin/python
configure:17829: result: /usr/bin/python
configure:17847: checking for python version
configure:17854: result: 2.7
configure:17866: checking for python platform
configure:17873: result: darwin
configure:17899: checking for python script directory
configure:17934: result: ${prefix}/lib/python2.7/site-packages
configure:17943: checking for python extension module directory
configure:17978: result: ${exec_prefix}/lib/python2.7/site-packages
configure:17994: checking for cython
configure:18027: result: no
configure:18033: WARNING: cannot find 'cython' program. You should look at http://www.cython.org or install your distribution specific cython package.
configure:18110: checking for python2.7
configure:18140: result: /usr/bin/python
configure:18156: checking for a version of Python >= '2.1.0'
configure:18182: result: yes
configure:18213: checking for the distutils Python package
configure:18217: result: yes
configure:18231: checking for Python include path
configure:18247: result: -I/System/Library/Frameworks/Python.framework/Versions/2.7/include/python2.7
configure:18254: checking for Python library path
configure:18331: result: -L/System/Library/Frameworks/Python.framework/Versions/2.7/lib -lpython2.7
configure:18338: checking for Python site-packages path
configure:18344: result: /Library/Python/2.7/site-packages
configure:18351: checking python extra libraries
configure:18358: result: -ldl  -framework CoreFoundation 
configure:18365: checking python extra linking flags
configure:18372: result: -u _PyMac_Error /System/Library/Frameworks/Python.framework/Versions/2.7/Python
configure:18379: checking consistency of all components of python development environment
configure:18407: gcc -o conftest -g -O2 -I/usr/local/opt/openssl@1.1/include -I/System/Library/Frameworks/Python.framework/Versions/2.7/include/python2.7 -L/usr/local/opt/openssl@1.1/lib -u _PyMac_Error /System/Library/Frameworks/Python.framework/Versions/2.7/Python conftest.c  -L/System/Library/Frameworks/Python.framework/Versions/2.7/lib -lpython2.7 -ldl  -framework CoreFoundation  -ldl  -framework CoreFoundation  >&5
ld: warning: text-based stub file /System/Library/Frameworks//CoreFoundation.framework/CoreFoundation.tbd and library file /System/Library/Frameworks//CoreFoundation.framework/CoreFoundation are out of sync. Falling back to library file for linking.
ld: warning: text-based stub file /System/Library/Frameworks//CoreFoundation.framework/CoreFoundation.tbd and library file /System/Library/Frameworks//CoreFoundation.framework/CoreFoundation are out of sync. Falling back to library file for linking.
configure:18407: $? = 0
configure:18425: result: yes
configure:18506: checking for openssl >= 0.9.8
configure:18513: $PKG_CONFIG --exists --print-errors "$pkg_req_openssl"
Package openssl was not found in the pkg-config search path.
Perhaps you should add the directory containing `openssl.pc'
to the PKG_CONFIG_PATH environment variable
No package 'openssl' found
configure:18516: $? = 1
configure:18530: $PKG_CONFIG --exists --print-errors "$pkg_req_openssl"
Package openssl was not found in the pkg-config search path.
Perhaps you should add the directory containing `openssl.pc'
to the PKG_CONFIG_PATH environment variable
No package 'openssl' found
configure:18533: $? = 1
configure:18547: result: no
No package 'openssl' found
configure:18584: error: OpenSSL support explicitly requested but OpenSSL could not be found

## ---------------- ##
## Cache variables. ##
## ---------------- ##

ac_cv_build=x86_64-apple-darwin17.7.0
ac_cv_c_bigendian=no
ac_cv_c_compiler_gnu=yes
ac_cv_c_const=yes
ac_cv_c_uint16_t=yes
ac_cv_c_uint32_t=yes
ac_cv_c_uint8_t=yes
ac_cv_cxx_compiler_gnu=yes
ac_cv_env_CCC_set=
ac_cv_env_CCC_value=
ac_cv_env_CC_set=
ac_cv_env_CC_value=
ac_cv_env_CFLAGS_set=
ac_cv_env_CFLAGS_value=
ac_cv_env_CPPFLAGS_set=set
ac_cv_env_CPPFLAGS_value=-I/usr/local/opt/openssl@1.1/include
ac_cv_env_CPP_set=
ac_cv_env_CPP_value=
ac_cv_env_CXXCPP_set=
ac_cv_env_CXXCPP_value=
ac_cv_env_CXXFLAGS_set=
ac_cv_env_CXXFLAGS_value=
ac_cv_env_CXX_set=
ac_cv_env_CXX_value=
ac_cv_env_LDFLAGS_set=set
ac_cv_env_LDFLAGS_value=-L/usr/local/opt/openssl@1.1/lib
ac_cv_env_LIBS_set=
ac_cv_env_LIBS_value=
ac_cv_env_LT_SYS_LIBRARY_PATH_set=
ac_cv_env_LT_SYS_LIBRARY_PATH_value=
ac_cv_env_PKG_CONFIG_LIBDIR_set=
ac_cv_env_PKG_CONFIG_LIBDIR_value=
ac_cv_env_PKG_CONFIG_PATH_set=set
ac_cv_env_PKG_CONFIG_PATH_value=/usr/local/opt/libxml2/lib/pkgconfig
ac_cv_env_PKG_CONFIG_set=
ac_cv_env_PKG_CONFIG_value=
ac_cv_env_PYTHON_VERSION_set=
ac_cv_env_PYTHON_VERSION_value=
ac_cv_env_PYTHON_set=
ac_cv_env_PYTHON_value=
ac_cv_env_build_alias_set=
ac_cv_env_build_alias_value=
ac_cv_env_host_alias_set=
ac_cv_env_host_alias_value=
ac_cv_env_libgnutls_CFLAGS_set=
ac_cv_env_libgnutls_CFLAGS_value=
ac_cv_env_libgnutls_LIBS_set=
ac_cv_env_libgnutls_LIBS_value=
ac_cv_env_libplist_CFLAGS_set=
ac_cv_env_libplist_CFLAGS_value=
ac_cv_env_libplist_LIBS_set=
ac_cv_env_libplist_LIBS_value=
ac_cv_env_libtasn1_CFLAGS_set=
ac_cv_env_libtasn1_CFLAGS_value=
ac_cv_env_libtasn1_LIBS_set=
ac_cv_env_libtasn1_LIBS_value=
ac_cv_env_libusbmuxd_CFLAGS_set=
ac_cv_env_libusbmuxd_CFLAGS_value=
ac_cv_env_libusbmuxd_LIBS_set=
ac_cv_env_libusbmuxd_LIBS_value=
ac_cv_env_openssl_CFLAGS_set=
ac_cv_env_openssl_CFLAGS_value=
ac_cv_env_openssl_LIBS_set=
ac_cv_env_openssl_LIBS_value=
ac_cv_env_target_alias_set=
ac_cv_env_target_alias_value=
ac_cv_func_asprintf=yes
ac_cv_func_stpcpy=yes
ac_cv_func_strcasecmp=yes
ac_cv_func_strdup=yes
ac_cv_func_strerror=yes
ac_cv_func_strndup=yes
ac_cv_func_vasprintf=yes
ac_cv_have_endian_h=no
ac_cv_header_dlfcn_h=yes
ac_cv_header_endian_h=no
ac_cv_header_gcrypt_h=yes
ac_cv_header_inttypes_h=yes
ac_cv_header_memory_h=yes
ac_cv_header_stdc=yes
ac_cv_header_stdint_h=yes
ac_cv_header_stdlib_h=yes
ac_cv_header_string_h=yes
ac_cv_header_strings_h=yes
ac_cv_header_sys_stat_h=yes
ac_cv_header_sys_types_h=yes
ac_cv_header_unistd_h=yes
ac_cv_host=x86_64-apple-darwin17.7.0
ac_cv_member_struct_dirent_d_type=yes
ac_cv_member_usbmuxd_device_info_t_conn_type=yes
ac_cv_objext=o
ac_cv_path_EGREP='/usr/bin/grep -E'
ac_cv_path_FGREP='/usr/bin/grep -F'
ac_cv_path_GREP=/usr/bin/grep
ac_cv_path_PYTHON=/usr/bin/python
ac_cv_path_SED=/usr/bin/sed
ac_cv_path_ac_pt_PKG_CONFIG=/usr/local/bin/pkg-config
ac_cv_path_install='/usr/bin/install -c'
ac_cv_path_lt_DD=/bin/dd
ac_cv_prog_AWK=awk
ac_cv_prog_CPP='gcc -E'
ac_cv_prog_CXXCPP='g++ -E'
ac_cv_prog_ac_ct_AR=ar
ac_cv_prog_ac_ct_CC=gcc
ac_cv_prog_ac_ct_CXX=g++
ac_cv_prog_ac_ct_DSYMUTIL=dsymutil
ac_cv_prog_ac_ct_LIPO=lipo
ac_cv_prog_ac_ct_NMEDIT=nmedit
ac_cv_prog_ac_ct_OBJDUMP=objdump
ac_cv_prog_ac_ct_OTOOL=otool
ac_cv_prog_ac_ct_RANLIB=ranlib
ac_cv_prog_ac_ct_STRIP=strip
ac_cv_prog_cc_c89=
ac_cv_prog_cc_g=yes
ac_cv_prog_cxx_g=yes
ac_cv_prog_make_make_set=yes
ac_cv_type_size_t=yes
ac_cv_type_ssize_t=yes
am_cv_CC_dependencies_compiler_type=gcc3
am_cv_CXX_dependencies_compiler_type=gcc3
am_cv_make_support_nested_variables=yes
am_cv_pathless_PYTHON=python
am_cv_prog_cc_c_o=yes
am_cv_python_platform=darwin
am_cv_python_pyexecdir='${exec_prefix}/lib/python2.7/site-packages'
am_cv_python_pythondir='${prefix}/lib/python2.7/site-packages'
am_cv_python_version=2.7
lt_cv_apple_cc_single_mod=yes
lt_cv_ar_at_file=no
lt_cv_deplibs_check_method=pass_all
lt_cv_file_magic_cmd='$MAGIC_CMD'
lt_cv_file_magic_test_file=
lt_cv_ld_exported_symbols_list=yes
lt_cv_ld_force_load=yes
lt_cv_ld_reload_flag=-r
lt_cv_nm_interface='BSD nm'
lt_cv_objdir=.libs
lt_cv_path_LD=/Applications/Xcode.app/Contents/Developer/Toolchains/XcodeDefault.xctoolchain/usr/bin/ld
lt_cv_path_LDCXX=/Applications/Xcode.app/Contents/Developer/Toolchains/XcodeDefault.xctoolchain/usr/bin/ld
lt_cv_path_NM='/usr/bin/nm -B'
lt_cv_path_mainfest_tool=no
lt_cv_prog_compiler_c_o=yes
lt_cv_prog_compiler_c_o_CXX=yes
lt_cv_prog_compiler_pic='-fno-common -DPIC'
lt_cv_prog_compiler_pic_CXX='-fno-common -DPIC'
lt_cv_prog_compiler_pic_works=yes
lt_cv_prog_compiler_pic_works_CXX=yes
lt_cv_prog_compiler_rtti_exceptions=yes
lt_cv_prog_compiler_static_works=no
lt_cv_prog_compiler_static_works_CXX=no
lt_cv_prog_gnu_ld=no
lt_cv_prog_gnu_ldcxx=no
lt_cv_sharedlib_from_linklib_cmd='printf %s\n'
lt_cv_sys_global_symbol_pipe='sed -n -e '\''s/^.*[	 ]\([BCDEGRST][BCDEGRST]*\)[	 ][	 ]*_\([_A-Za-z][_A-Za-z0-9]*\)$/\1 _\2 \2/p'\'' | sed '\''/ __gnu_lto/d'\'''
lt_cv_sys_global_symbol_to_c_name_address='sed -n -e '\''s/^: \(.*\) .*$/  {"\1", (void *) 0},/p'\'' -e '\''s/^[BCDEGRST][BCDEGRST]* .* \(.*\)$/  {"\1", (void *) \&\1},/p'\'''
lt_cv_sys_global_symbol_to_c_name_address_lib_prefix='sed -n -e '\''s/^: \(.*\) .*$/  {"\1", (void *) 0},/p'\'' -e '\''s/^[BCDEGRST][BCDEGRST]* .* \(lib.*\)$/  {"\1", (void *) \&\1},/p'\'' -e '\''s/^[BCDEGRST][BCDEGRST]* .* \(.*\)$/  {"lib\1", (void *) \&\1},/p'\'''
lt_cv_sys_global_symbol_to_cdecl='sed -n -e '\''s/^T .* \(.*\)$/extern int \1();/p'\'' -e '\''s/^[BCDEGRST][BCDEGRST]* .* \(.*\)$/extern char \1;/p'\'''
lt_cv_sys_global_symbol_to_import=
lt_cv_sys_max_cmd_len=196608
lt_cv_to_host_file_cmd=func_convert_file_noop
lt_cv_to_tool_file_cmd=func_convert_file_noop
lt_cv_truncate_bin='/bin/dd bs=4096 count=1'
pkg_cv_libplist_CFLAGS=-I/usr/local/include
pkg_cv_libplist_LIBS='-L/usr/local/lib -lplist'
pkg_cv_libusbmuxd_CFLAGS=-I/usr/local/include
pkg_cv_libusbmuxd_LIBS='-L/usr/local/lib -lusbmuxd'

## ----------------- ##
## Output variables. ##
## ----------------- ##

ACLOCAL='${SHELL} /Users/appletech752/Desktop/oc34n2/dependencies/libimobiledevice/libimobiledevice/missing aclocal-1.16'
AMDEPBACKSLASH='\'
AMDEP_FALSE='#'
AMDEP_TRUE=''
AMTAR='$${TAR-tar}'
AM_BACKSLASH='\'
AM_DEFAULT_V='$(AM_DEFAULT_VERBOSITY)'
AM_DEFAULT_VERBOSITY='1'
AM_V='$(V)'
AR='ar'
AUTOCONF='${SHELL} /Users/appletech752/Desktop/oc34n2/dependencies/libimobiledevice/libimobiledevice/missing autoconf'
AUTOHEADER='${SHELL} /Users/appletech752/Desktop/oc34n2/dependencies/libimobiledevice/libimobiledevice/missing autoheader'
AUTOMAKE='${SHELL} /Users/appletech752/Desktop/oc34n2/dependencies/libimobiledevice/libimobiledevice/missing automake-1.16'
AWK='awk'
CC='gcc'
CCDEPMODE='depmode=gcc3'
CFLAGS='-g -O2'
CPP='gcc -E'
CPPFLAGS='-I/usr/local/opt/openssl@1.1/include'
CXX='g++'
CXXCPP='g++ -E'
CXXDEPMODE='depmode=gcc3'
CXXFLAGS='-g -O2'
CYGPATH_W='echo'
CYTHON='false'
CYTHON_LIB=''
CYTHON_PLIST_INCLUDE_DIR=''
CYTHON_PYTHON_CPPFLAGS='-I/System/Library/Frameworks/Python.framework/Versions/2.7/include/python2.7'
CYTHON_PYTHON_OPT='-python'
CYTHON_SUB=''
DEFS=''
DEPDIR='.deps'
DLLTOOL='false'
DSYMUTIL='dsymutil'
DUMPBIN=''
ECHO_C='\c'
ECHO_N=''
ECHO_T=''
EGREP='/usr/bin/grep -E'
EXEEXT=''
FGREP='/usr/bin/grep -F'
GLOBAL_CFLAGS=''
GREP='/usr/bin/grep'
HAVE_CYTHON_FALSE=''
HAVE_CYTHON_TRUE='#'
INSTALL_DATA='${INSTALL} -m 644'
INSTALL_PROGRAM='${INSTALL}'
INSTALL_SCRIPT='${INSTALL}'
INSTALL_STRIP_PROGRAM='$(install_sh) -c -s'
LD='/Applications/Xcode.app/Contents/Developer/Toolchains/XcodeDefault.xctoolchain/usr/bin/ld'
LDFLAGS='-L/usr/local/opt/openssl@1.1/lib'
LIBIMOBILEDEVICE_SO_VERSION='6:0:0'
LIBOBJS=''
LIBPLIST_VERSION='1.11'
LIBS=''
LIBTOOL='$(SHELL) $(top_builddir)/libtool'
LIBUSBMUXD_VERSION='1.1.0'
LIPO='lipo'
LN_S='ln -s'
LTLIBOBJS=''
LT_SYS_LIBRARY_PATH=''
MAKEINFO='${SHELL} /Users/appletech752/Desktop/oc34n2/dependencies/libimobiledevice/libimobiledevice/missing makeinfo'
MANIFEST_TOOL=':'
MKDIR_P='./install-sh -c -d'
NM='/usr/bin/nm -B'
NMEDIT='nmedit'
OBJDUMP='objdump'
OBJEXT='o'
OTOOL64=':'
OTOOL='otool'
PACKAGE='libimobiledevice'
PACKAGE_BUGREPORT='https://github.com/libimobiledevice/libimobiledevice/issues'
PACKAGE_NAME='libimobiledevice'
PACKAGE_STRING='libimobiledevice 1.2.1'
PACKAGE_TARNAME='libimobiledevice'
PACKAGE_URL='http://libimobiledevice.org'
PACKAGE_VERSION='1.2.1'
PATH_SEPARATOR=':'
PKG_CONFIG='/usr/local/bin/pkg-config'
PKG_CONFIG_LIBDIR=''
PKG_CONFIG_PATH='/usr/local/opt/libxml2/lib/pkgconfig'
PTHREAD_CC=''
PTHREAD_CFLAGS=''
PTHREAD_LIBS=''
PYTHON='/usr/bin/python'
PYTHON_CPPFLAGS='-I/System/Library/Frameworks/Python.framework/Versions/2.7/include/python2.7'
PYTHON_EXEC_PREFIX='${exec_prefix}'
PYTHON_EXTRA_LDFLAGS='-u _PyMac_Error /System/Library/Frameworks/Python.framework/Versions/2.7/Python'
PYTHON_EXTRA_LIBS='-ldl  -framework CoreFoundation '
PYTHON_LIBS='-L/System/Library/Frameworks/Python.framework/Versions/2.7/lib -lpython2.7'
PYTHON_PLATFORM='darwin'
PYTHON_PREFIX='${prefix}'
PYTHON_SITE_PKG='/Library/Python/2.7/site-packages'
PYTHON_VERSION='2.7'
RANLIB='ranlib'
SED='/usr/bin/sed'
SET_MAKE=''
SHELL='/bin/sh'
STRIP='strip'
VERSION='1.2.1'
WIN32_FALSE=''
WIN32_TRUE='#'
ac_ct_AR='ar'
ac_ct_CC='gcc'
ac_ct_CXX='g++'
ac_ct_DUMPBIN=''
am__EXEEXT_FALSE=''
am__EXEEXT_TRUE=''
am__fastdepCC_FALSE='#'
am__fastdepCC_TRUE=''
am__fastdepCXX_FALSE='#'
am__fastdepCXX_TRUE=''
am__include='include'
am__isrc=''
am__leading_dot='.'
am__nodep='_no'
am__quote=''
am__tar='$${TAR-tar} chof - "$$tardir"'
am__untar='$${TAR-tar} xf -'
ax_pthread_config=''
bindir='${exec_prefix}/bin'
build='x86_64-apple-darwin17.7.0'
build_alias=''
build_cpu='x86_64'
build_os='darwin17.7.0'
build_vendor='apple'
datadir='${datarootdir}'
datarootdir='${prefix}/share'
docdir='${datarootdir}/doc/${PACKAGE_TARNAME}'
dvidir='${docdir}'
exec_prefix='NONE'
host='x86_64-apple-darwin17.7.0'
host_alias=''
host_cpu='x86_64'
host_os='darwin17.7.0'
host_vendor='apple'
htmldir='${docdir}'
includedir='${prefix}/include'
infodir='${datarootdir}/info'
install_sh='${SHELL} /Users/appletech752/Desktop/oc34n2/dependencies/libimobiledevice/libimobiledevice/install-sh'
libdir='${exec_prefix}/lib'
libexecdir='${exec_prefix}/libexec'
libgcrypt_LIBS=''
libgnutls_CFLAGS=''
libgnutls_LIBS=''
libplist_CFLAGS='-I/usr/local/include'
libplist_LIBS='-L/usr/local/lib -lplist'
libtasn1_CFLAGS=''
libtasn1_LIBS=''
libusbmuxd_CFLAGS='-I/usr/local/include'
libusbmuxd_LIBS='-L/usr/local/lib -lusbmuxd'
localedir='${datarootdir}/locale'
localstatedir='${prefix}/var'
mandir='${datarootdir}/man'
mkdir_p='$(MKDIR_P)'
oldincludedir='/usr/include'
openssl_CFLAGS=''
openssl_LIBS=''
pdfdir='${docdir}'
pkgpyexecdir='${pyexecdir}/libimobiledevice'
pkgpythondir='${pythondir}/libimobiledevice'
prefix='NONE'
program_transform_name='s,x,x,'
psdir='${docdir}'
pyexecdir='${exec_prefix}/lib/python2.7/site-packages'
pythondir='${prefix}/lib/python2.7/site-packages'
sbindir='${exec_prefix}/sbin'
sharedstatedir='${prefix}/com'
ssl_requires=''
sysconfdir='${prefix}/etc'
target_alias=''

## ----------- ##
## confdefs.h. ##
## ----------- ##

/* confdefs.h */
#define PACKAGE_NAME "libimobiledevice"
#define PACKAGE_TARNAME "libimobiledevice"
#define PACKAGE_VERSION "1.2.1"
#define PACKAGE_STRING "libimobiledevice 1.2.1"
#define PACKAGE_BUGREPORT "https://github.com/libimobiledevice/libimobiledevice/issues"
#define PACKAGE_URL "http://libimobiledevice.org"
#define PACKAGE "libimobiledevice"
#define VERSION "1.2.1"
#define STDC_HEADERS 1
#define HAVE_SYS_TYPES_H 1
#define HAVE_SYS_STAT_H 1
#define HAVE_STDLIB_H 1
#define HAVE_STRING_H 1
#define HAVE_MEMORY_H 1
#define HAVE_STRINGS_H 1
#define HAVE_INTTYPES_H 1
#define HAVE_STDINT_H 1
#define HAVE_UNISTD_H 1
#define HAVE_DLFCN_H 1
#define LT_OBJDIR ".libs/"
#define STDC_HEADERS 1
#define HAVE_STDINT_H 1
#define HAVE_STDLIB_H 1
#define HAVE_STRING_H 1
#define HAVE_GCRYPT_H 1
#define HAVE_ASPRINTF 1
#define HAVE_STRCASECMP 1
#define HAVE_STRDUP 1
#define HAVE_STRERROR 1
#define HAVE_STRNDUP 1
#define HAVE_STPCPY 1
#define HAVE_VASPRINTF 1
#define __LITTLE_ENDIAN 1234
#define __BIG_ENDIAN 4321
#define __BYTE_ORDER 1234
#define HAVE_DIRENT_D_TYPE 1
#define HAVE_PYTHON "2.7"

configure: exit 1
